0 info it worked if it ends with ok
1 verbose cli [
1 verbose cli   'C:\\Program Files\\nodejs\\node.exe',
1 verbose cli   'C:\\Program Files\\nodejs\\node_modules\\npm\\bin\\npm-cli.js',
1 verbose cli   'run',
1 verbose cli   'serve'
1 verbose cli ]
2 info using npm@6.14.9
3 info using node@v14.15.3
4 verbose run-script [ 'preserve', 'serve', 'postserve' ]
5 info lifecycle madjidsmail@0.1.0~preserve: madjidsmail@0.1.0
6 info lifecycle madjidsmail@0.1.0~serve: madjidsmail@0.1.0
7 verbose lifecycle madjidsmail@0.1.0~serve: unsafe-perm in lifecycle true
8 verbose lifecycle madjidsmail@0.1.0~serve: PATH: C:\Program Files\nodejs\node_modules\npm\node_modules\npm-lifecycle\node-gyp-bin;F:\madjidsmail-tes\node_modules\.bin;C:\Users\smail madjid\bin;C:\Program Files\Git\mingw64\bin;C:\Program Files\Git\usr\local\bin;C:\Program Files\Git\usr\bin;C:\Program Files\Git\usr\bin;C:\Program Files\Git\mingw64\bin;C:\Program Files\Git\usr\bin;C:\Users\smail madjid\bin;C:\Python27\Scripts;C:\Windows;C:\Windows\System32\Wbem;C:\Windows\System32\WindowsPowerShell\v1.0;C:\Windows\System32\OpenSSH;C:\Program Files\nodejs;C:\Program Files\Git\cmd;C:\Program Files (x86)\Python39-32;C:\apacheCassandra\bin;C:\bigdata\hadoop\hadoop\bin;C:\bigdata\hadoop\hadoop\sbin;C:\Users\smail madjid\AppData\Local\Microsoft\WindowsApps;C:\Users\smail madjid\AppData\Roaming\npm;C:\Users\smail madjid\Programs\Microsoft VS Code\bin;C:\Users\smail madjid\AppData\Local\GitHubDesktop\bin;C:\MinGW\bin;C:\Users\smail madjid\AppData\Local\gitkraken\bin;C:\Program Files\JetBrains\IntelliJ IDEA Educational Edition 2021.1\bin;C:\Program Files\JetBrains\IntelliJ IDEA 2021.1.1\bin;C:\Python27\Scripts;C:\Program Files\Git\usr\bin\vendor_perl;C:\Program Files\Git\usr\bin\core_perl
9 verbose lifecycle madjidsmail@0.1.0~serve: CWD: F:\madjidsmail-tes
10 silly lifecycle madjidsmail@0.1.0~serve: Args: [ '/d /s /c', 'vue-cli-service serve' ]
11 silly lifecycle madjidsmail@0.1.0~serve: Returned: code: 1  signal: null
12 info lifecycle madjidsmail@0.1.0~serve: Failed to exec serve script
13 verbose stack Error: madjidsmail@0.1.0 serve: `vue-cli-service serve`
13 verbose stack Exit status 1
13 verbose stack     at EventEmitter.<anonymous> (C:\Program Files\nodejs\node_modules\npm\node_modules\npm-lifecycle\index.js:332:16)
13 verbose stack     at EventEmitter.emit (events.js:315:20)
13 verbose stack     at ChildProcess.<anonymous> (C:\Program Files\nodejs\node_modules\npm\node_modules\npm-lifecycle\lib\spawn.js:55:14)
13 verbose stack     at ChildProcess.emit (events.js:315:20)
13 verbose stack     at maybeClose (internal/child_process.js:1048:16)
13 verbose stack     at Process.ChildProcess._handle.onexit (internal/child_process.js:288:5)
14 verbose pkgid madjidsmail@0.1.0
15 verbose cwd F:\madjidsmail-tes
16 verbose Windows_NT 10.0.18363
17 verbose argv "C:\\Program Files\\nodejs\\node.exe" "C:\\Program Files\\nodejs\\node_modules\\npm\\bin\\npm-cli.js" "run" "serve"
18 verbose node v14.15.3
19 verbose npm  v6.14.9
20 error code ELIFECYCLE
21 error errno 1
22 error madjidsmail@0.1.0 serve: `vue-cli-service serve`
22 error Exit status 1
23 error Failed at the madjidsmail@0.1.0 serve script.
23 error This is probably not a problem with npm. There is likely additional logging output above.
24 verbose exit [ 1, true ]
